[debug] [2025-12-13T10:20:28.261Z] ----------------------------------------------------------------------
[debug] [2025-12-13T10:20:28.264Z] Command:       C:\Program Files\nodejs\node.exe C:\Users\luiz\AppData\Roaming\npm\node_modules\firebase-tools\lib\bin\firebase.js init
[debug] [2025-12-13T10:20:28.265Z] CLI Version:   15.0.0
[debug] [2025-12-13T10:20:28.265Z] Platform:      win32
[debug] [2025-12-13T10:20:28.265Z] Node Version:  v22.15.0
[debug] [2025-12-13T10:20:28.265Z] Time:          Sat Dec 13 2025 07:20:28 GMT-0300 (Horário Padrão de Brasília)
[debug] [2025-12-13T10:20:28.265Z] ----------------------------------------------------------------------
[debug] 
[info] 
     ######## #### ########  ######## ########     ###     ######  ########
     ##        ##  ##     ## ##       ##     ##  ##   ##  ##       ##
     ######    ##  ########  ######   ########  #########  ######  ######
     ##        ##  ##    ##  ##       ##     ## ##     ##       ## ##
     ##       #### ##     ## ######## ########  ##     ##  ######  ########

You're about to initialize a Firebase project in this directory:

  C:\Users\luiz\Desktop\inspetorpro

[info] 
=== Project Setup
[info] 
[info] First, let's associate this project directory with a Firebase project.
[info] You can create multiple project aliases by running firebase use --add, 
[info] 
[debug] [2025-12-13T10:22:09.306Z] > command requires scopes: ["email","openid","https://www.googleapis.com/auth/cloudplatformprojects.readonly","https://www.googleapis.com/auth/firebase","https://www.googleapis.com/auth/cloud-platform"]
[debug] [2025-12-13T10:22:09.307Z] > authorizing via signed-in user (luizvicentemobile@gmail.com)
[debug] [2025-12-13T10:22:09.309Z] Checked if tokens are valid: true, expires at: 1765624180889
[debug] [2025-12-13T10:22:09.310Z] Checked if tokens are valid: true, expires at: 1765624180889
[debug] [2025-12-13T10:22:09.313Z] >>> [apiv2][query] GET https://firebase.googleapis.com/v1beta1/projects/exame-66faf [none]
[debug] [2025-12-13T10:22:10.120Z] <<< [apiv2][status] GET https://firebase.googleapis.com/v1beta1/projects/exame-66faf 403
[debug] [2025-12-13T10:22:10.120Z] <<< [apiv2][body] GET https://firebase.googleapis.com/v1beta1/projects/exame-66faf {"error":{"code":403,"message":"The caller does not have permission","status":"PERMISSION_DENIED"}}
[debug] [2025-12-13T10:22:10.121Z] Request to https://firebase.googleapis.com/v1beta1/projects/exame-66faf had HTTP Error: 403, The caller does not have permission
[debug] [2025-12-13T10:22:10.375Z] FirebaseError: Request to https://firebase.googleapis.com/v1beta1/projects/exame-66faf had HTTP Error: 403, The caller does not have permission
    at responseToError (C:\Users\luiz\AppData\Roaming\npm\node_modules\firebase-tools\lib\responseToError.js:53:12)
    at RetryOperation._fn (C:\Users\luiz\AppData\Roaming\npm\node_modules\firebase-tools\lib\apiv2.js:322:77)
    at process.processTicksAndRejections (node:internal/process/task_queues:105:5)
[error] 
[error] Error: Failed to get Firebase project exame-66faf. Please make sure the project exists and your account has permission to access it.
